yarn add v1.22.1
[1/4] Resolving packages...
warning storybook > jscodeshift > temp > rimraf@2.6.3: Rimraf versions prior to v4 are no longer supported
warning @storybook/nextjs > @storybook/builder-webpack5 > webpack-dev-middleware > memfs@3.6.0: this will be v4
warning @storybook/nextjs > @storybook/builder-webpack5 > fork-ts-checker-webpack-plugin > memfs@3.6.0: this will be v4
[2/4] Fetching packages...
warning Pattern ["string-width@^4.1.0"] is trying to unpack in the same destination "C:\\Users\\Honor\\AppData\\Local\\Yarn\\Cache\\v6\\npm-string-width-cjs-4.2.3-269c7117d27b05ad2e536830a8ec895ef9c6d010-integrity\\node_modules\\string-width-cjs" as pattern ["string-width-cjs@npm:string-width@^4.2.0"]. This could result in non-deterministic behavior, skipping.
info @next/swc-darwin-arm64@14.2.6: The platform "win32" is incompatible with this module.
info "@next/swc-darwin-arm64@14.2.6" is an optional dependency and failed compatibility check. Excluding it from installation.
info @next/swc-darwin-arm64@14.2.6: The CPU architecture "x64" is incompatible with this module.
info @next/swc-darwin-x64@14.2.6: The platform "win32" is incompatible with this module.
info "@next/swc-darwin-x64@14.2.6" is an optional dependency and failed compatibility check. Excluding it from installation.
info @next/swc-linux-arm64-gnu@14.2.6: The platform "win32" is incompatible with this module.
info "@next/swc-linux-arm64-gnu@14.2.6" is an optional dependency and failed compatibility check. Excluding it from installation.
info @next/swc-linux-arm64-gnu@14.2.6: The CPU architecture "x64" is incompatible with this module.
info @next/swc-linux-arm64-musl@14.2.6: The platform "win32" is incompatible with this module.
info "@next/swc-linux-arm64-musl@14.2.6" is an optional dependency and failed compatibility check. Excluding it from installation.
info @next/swc-linux-arm64-musl@14.2.6: The CPU architecture "x64" is incompatible with this module.
info @next/swc-linux-x64-gnu@14.2.6: The platform "win32" is incompatible with this module.
info "@next/swc-linux-x64-gnu@14.2.6" is an optional dependency and failed compatibility check. Excluding it from installation.
info @next/swc-linux-x64-musl@14.2.6: The platform "win32" is incompatible with this module.
info "@next/swc-linux-x64-musl@14.2.6" is an optional dependency and failed compatibility check. Excluding it from installation.
info @next/swc-win32-arm64-msvc@14.2.6: The CPU architecture "x64" is incompatible with this module.
info "@next/swc-win32-arm64-msvc@14.2.6" is an optional dependency and failed compatibility check. Excluding it from installation.
info @next/swc-win32-ia32-msvc@14.2.6: The CPU architecture "x64" is incompatible with this module.
info "@next/swc-win32-ia32-msvc@14.2.6" is an optional dependency and failed compatibility check. Excluding it from installation.
info fsevents@2.3.3: The platform "win32" is incompatible with this module.
info "fsevents@2.3.3" is an optional dependency and failed compatibility check. Excluding it from installation.
info @esbuild/aix-ppc64@0.21.5: The platform "win32" is incompatible with this module.
info "@esbuild/aix-ppc64@0.21.5" is an optional dependency and failed compatibility check. Excluding it from installation.
info @esbuild/aix-ppc64@0.21.5: The CPU architecture "x64" is incompatible with this module.
info @esbuild/linux-arm@0.21.5: The platform "win32" is incompatible with this module.
info "@esbuild/linux-arm@0.21.5" is an optional dependency and failed compatibility check. Excluding it from installation.
info @esbuild/linux-arm@0.21.5: The CPU architecture "x64" is incompatible with this module.
info @esbuild/sunos-x64@0.21.5: The platform "win32" is incompatible with this module.
info "@esbuild/sunos-x64@0.21.5" is an optional dependency and failed compatibility check. Excluding it from installation.
info @esbuild/netbsd-x64@0.21.5: The platform "win32" is incompatible with this module.
info "@esbuild/netbsd-x64@0.21.5" is an optional dependency and failed compatibility check. Excluding it from installation.
info @esbuild/linux-ia32@0.21.5: The platform "win32" is incompatible with this module.
info "@esbuild/linux-ia32@0.21.5" is an optional dependency and failed compatibility check. Excluding it from installation.
info @esbuild/linux-ia32@0.21.5: The CPU architecture "x64" is incompatible with this module.
info @esbuild/win32-ia32@0.21.5: The CPU architecture "x64" is incompatible with this module.
info "@esbuild/win32-ia32@0.21.5" is an optional dependency and failed compatibility check. Excluding it from installation.
info @esbuild/android-arm@0.21.5: The platform "win32" is incompatible with this module.
info "@esbuild/android-arm@0.21.5" is an optional dependency and failed compatibility check. Excluding it from installation.
info @esbuild/android-arm@0.21.5: The CPU architecture "x64" is incompatible with this module.
info @esbuild/freebsd-x64@0.21.5: The platform "win32" is incompatible with this module.
info "@esbuild/freebsd-x64@0.21.5" is an optional dependency and failed compatibility check. Excluding it from installation.
info @esbuild/android-x64@0.21.5: The platform "win32" is incompatible with this module.
info "@esbuild/android-x64@0.21.5" is an optional dependency and failed compatibility check. Excluding it from installation.
info @esbuild/linux-arm64@0.21.5: The platform "win32" is incompatible with this module.
info "@esbuild/linux-arm64@0.21.5" is an optional dependency and failed compatibility check. Excluding it from installation.
info @esbuild/linux-arm64@0.21.5: The CPU architecture "x64" is incompatible with this module.
info @esbuild/darwin-x64@0.21.5: The platform "win32" is incompatible with this module.
info "@esbuild/darwin-x64@0.21.5" is an optional dependency and failed compatibility check. Excluding it from installation.
info @esbuild/linux-s390x@0.21.5: The platform "win32" is incompatible with this module.
info "@esbuild/linux-s390x@0.21.5" is an optional dependency and failed compatibility check. Excluding it from installation.
info @esbuild/linux-s390x@0.21.5: The CPU architecture "x64" is incompatible with this module.
info @esbuild/openbsd-x64@0.21.5: The platform "win32" is incompatible with this module.
info "@esbuild/openbsd-x64@0.21.5" is an optional dependency and failed compatibility check. Excluding it from installation.
info @esbuild/linux-ppc64@0.21.5: The platform "win32" is incompatible with this module.
info "@esbuild/linux-ppc64@0.21.5" is an optional dependency and failed compatibility check. Excluding it from installation.
info @esbuild/linux-ppc64@0.21.5: The CPU architecture "x64" is incompatible with this module.
info @esbuild/win32-arm64@0.21.5: The CPU architecture "x64" is incompatible with this module.
info "@esbuild/win32-arm64@0.21.5" is an optional dependency and failed compatibility check. Excluding it from installation.
info @esbuild/linux-x64@0.21.5: The platform "win32" is incompatible with this module.
info "@esbuild/linux-x64@0.21.5" is an optional dependency and failed compatibility check. Excluding it from installation.
info @esbuild/freebsd-arm64@0.21.5: The platform "win32" is incompatible with this module.
info "@esbuild/freebsd-arm64@0.21.5" is an optional dependency and failed compatibility check. Excluding it from installation.
info @esbuild/freebsd-arm64@0.21.5: The CPU architecture "x64" is incompatible with this module.
info @esbuild/android-arm64@0.21.5: The platform "win32" is incompatible with this module.
info "@esbuild/android-arm64@0.21.5" is an optional dependency and failed compatibility check. Excluding it from installation.
info @esbuild/android-arm64@0.21.5: The CPU architecture "x64" is incompatible with this module.
info @esbuild/linux-mips64el@0.21.5: The platform "win32" is incompatible with this module.
info "@esbuild/linux-mips64el@0.21.5" is an optional dependency and failed compatibility check. Excluding it from installation.
info @esbuild/linux-mips64el@0.21.5: The CPU architecture "x64" is incompatible with this module.
info @esbuild/darwin-arm64@0.21.5: The platform "win32" is incompatible with this module.
info "@esbuild/darwin-arm64@0.21.5" is an optional dependency and failed compatibility check. Excluding it from installation.
info @esbuild/darwin-arm64@0.21.5: The CPU architecture "x64" is incompatible with this module.
info @esbuild/linux-loong64@0.21.5: The platform "win32" is incompatible with this module.
info "@esbuild/linux-loong64@0.21.5" is an optional dependency and failed compatibility check. Excluding it from installation.
info @esbuild/linux-loong64@0.21.5: The CPU architecture "x64" is incompatible with this module.
info @esbuild/linux-riscv64@0.21.5: The platform "win32" is incompatible with this module.
info "@esbuild/linux-riscv64@0.21.5" is an optional dependency and failed compatibility check. Excluding it from installation.
info @esbuild/linux-riscv64@0.21.5: The CPU architecture "x64" is incompatible with this module.
info @img/sharp-darwin-arm64@0.33.5: The platform "win32" is incompatible with this module.
info "@img/sharp-darwin-arm64@0.33.5" is an optional dependency and failed compatibility check. Excluding it from installation.
info @img/sharp-darwin-arm64@0.33.5: The CPU architecture "x64" is incompatible with this module.
info @img/sharp-darwin-x64@0.33.5: The platform "win32" is incompatible with this module.
info "@img/sharp-darwin-x64@0.33.5" is an optional dependency and failed compatibility check. Excluding it from installation.
info @img/sharp-libvips-darwin-arm64@1.0.4: The platform "win32" is incompatible with this module.
info "@img/sharp-libvips-darwin-arm64@1.0.4" is an optional dependency and failed compatibility check. Excluding it from installation.
info @img/sharp-libvips-darwin-arm64@1.0.4: The CPU architecture "x64" is incompatible with this module.
info @img/sharp-libvips-darwin-x64@1.0.4: The platform "win32" is incompatible with this module.
info "@img/sharp-libvips-darwin-x64@1.0.4" is an optional dependency and failed compatibility check. Excluding it from installation.
info @img/sharp-libvips-linux-arm@1.0.5: The platform "win32" is incompatible with this module.
info "@img/sharp-libvips-linux-arm@1.0.5" is an optional dependency and failed compatibility check. Excluding it from installation.
info @img/sharp-libvips-linux-arm@1.0.5: The CPU architecture "x64" is incompatible with this module.
info @img/sharp-libvips-linux-arm64@1.0.4: The platform "win32" is incompatible with this module.
info "@img/sharp-libvips-linux-arm64@1.0.4" is an optional dependency and failed compatibility check. Excluding it from installation.
info @img/sharp-libvips-linux-arm64@1.0.4: The CPU architecture "x64" is incompatible with this module.
info @img/sharp-libvips-linux-s390x@1.0.4: The platform "win32" is incompatible with this module.
info "@img/sharp-libvips-linux-s390x@1.0.4" is an optional dependency and failed compatibility check. Excluding it from installation.
info @img/sharp-libvips-linux-s390x@1.0.4: The CPU architecture "x64" is incompatible with this module.
info @img/sharp-libvips-linuxmusl-arm64@1.0.4: The platform "win32" is incompatible with this module.
info "@img/sharp-libvips-linuxmusl-arm64@1.0.4" is an optional dependency and failed compatibility check. Excluding it from installation.
info @img/sharp-libvips-linuxmusl-arm64@1.0.4: The CPU architecture "x64" is incompatible with this module.
info @img/sharp-linux-arm64@0.33.5: The platform "win32" is incompatible with this module.
info "@img/sharp-linux-arm64@0.33.5" is an optional dependency and failed compatibility check. Excluding it from installation.
info @img/sharp-linux-arm64@0.33.5: The CPU architecture "x64" is incompatible with this module.
info @img/sharp-linux-s390x@0.33.5: The platform "win32" is incompatible with this module.
info "@img/sharp-linux-s390x@0.33.5" is an optional dependency and failed compatibility check. Excluding it from installation.
info @img/sharp-linux-s390x@0.33.5: The CPU architecture "x64" is incompatible with this module.
info @img/sharp-linux-arm@0.33.5: The platform "win32" is incompatible with this module.
info "@img/sharp-linux-arm@0.33.5" is an optional dependency and failed compatibility check. Excluding it from installation.
info @img/sharp-linux-arm@0.33.5: The CPU architecture "x64" is incompatible with this module.
info @img/sharp-libvips-linux-x64@1.0.4: The platform "win32" is incompatible with this module.
info "@img/sharp-libvips-linux-x64@1.0.4" is an optional dependency and failed compatibility check. Excluding it from installation.
info @img/sharp-linuxmusl-arm64@0.33.5: The platform "win32" is incompatible with this module.
info "@img/sharp-linuxmusl-arm64@0.33.5" is an optional dependency and failed compatibility check. Excluding it from installation.
info @img/sharp-linuxmusl-arm64@0.33.5: The CPU architecture "x64" is incompatible with this module.
info @img/sharp-linuxmusl-x64@0.33.5: The platform "win32" is incompatible with this module.
info "@img/sharp-linuxmusl-x64@0.33.5" is an optional dependency and failed compatibility check. Excluding it from installation.
info @img/sharp-linux-x64@0.33.5: The platform "win32" is incompatible with this module.
info "@img/sharp-linux-x64@0.33.5" is an optional dependency and failed compatibility check. Excluding it from installation.
info @img/sharp-wasm32@0.33.5: The CPU architecture "x64" is incompatible with this module.
info "@img/sharp-wasm32@0.33.5" is an optional dependency and failed compatibility check. Excluding it from installation.
info @img/sharp-win32-ia32@0.33.5: The CPU architecture "x64" is incompatible with this module.
info "@img/sharp-win32-ia32@0.33.5" is an optional dependency and failed compatibility check. Excluding it from installation.
info @img/sharp-libvips-linuxmusl-x64@1.0.4: The platform "win32" is incompatible with this module.
info "@img/sharp-libvips-linuxmusl-x64@1.0.4" is an optional dependency and failed compatibility check. Excluding it from installation.
error @chromatic-com/storybook@1.7.0: The engine "yarn" is incompatible with this module. Expected version ">=1.22.18". Got "1.22.1"
error Found incompatible module.
info Visit https://yarnpkg.com/en/docs/cli/add for documentation about this command.
